c:\users\pc\source\repos\cglab\cglab\debug\vc141.pdb
c:\users\pc\source\repos\cglab\cglab\debug\vc141.idb
c:\users\pc\source\repos\cglab\cglab\debug\main_prac07.obj
c:\users\pc\source\repos\cglab\cglab\debug\esfera.obj
c:\users\pc\source\repos\cglab\cglab\debug\main_prac06.obj
c:\users\pc\source\repos\cglab\debug\cglab.exe
c:\users\pc\source\repos\cglab\debug\cglab.ilk
c:\users\pc\source\repos\cglab\debug\cglab.pdb
c:\users\pc\source\repos\cglab\cglab\debug\cglab.tlog\cl.command.1.tlog
c:\users\pc\source\repos\cglab\cglab\debug\cglab.tlog\cl.read.1.tlog
c:\users\pc\source\repos\cglab\cglab\debug\cglab.tlog\cl.write.1.tlog
c:\users\pc\source\repos\cglab\cglab\debug\cglab.tlog\link.2488-cvtres.read.1.tlog
c:\users\pc\source\repos\cglab\cglab\debug\cglab.tlog\link.2488-cvtres.write.1.tlog
c:\users\pc\source\repos\cglab\cglab\debug\cglab.tlog\link.2488-rc.read.1.tlog
c:\users\pc\source\repos\cglab\cglab\debug\cglab.tlog\link.2488-rc.write.1.tlog
c:\users\pc\source\repos\cglab\cglab\debug\cglab.tlog\link.2488.read.1.tlog
c:\users\pc\source\repos\cglab\cglab\debug\cglab.tlog\link.2488.write.1.tlog
c:\users\pc\source\repos\cglab\cglab\debug\cglab.tlog\link.command.1.tlog
c:\users\pc\source\repos\cglab\cglab\debug\cglab.tlog\link.read.1.tlog
c:\users\pc\source\repos\cglab\cglab\debug\cglab.tlog\link.write.1.tlog
