  main_prac08.cpp
c:\users\pc\source\repos\cglab\cglab\main_prac08.cpp(376): warning C4244: 'argumento': conversión de 'double' a 'float'; posible pérdida de datos
c:\users\pc\source\repos\cglab\cglab\main_prac08.cpp(383): warning C4244: 'argumento': conversión de 'double' a 'float'; posible pérdida de datos
esfera.obj : error LNK2001: símbolo externo __imp___glewBindBuffer sin resolver
main_prac08.obj : error LNK2001: símbolo externo __imp___glewBindBuffer sin resolver
esfera.obj : error LNK2001: símbolo externo __imp___glewBufferData sin resolver
main_prac08.obj : error LNK2001: símbolo externo __imp___glewBufferData sin resolver
esfera.obj : error LNK2001: símbolo externo __imp___glewDeleteBuffers sin resolver
main_prac08.obj : error LNK2001: símbolo externo __imp___glewDeleteBuffers sin resolver
esfera.obj : error LNK2001: símbolo externo __imp___glewGenBuffers sin resolver
main_prac08.obj : error LNK2001: símbolo externo __imp___glewGenBuffers sin resolver
esfera.obj : error LNK2001: símbolo externo __imp___glewDisableVertexAttribArray sin resolver
esfera.obj : error LNK2001: símbolo externo __imp___glewEnableVertexAttribArray sin resolver
main_prac08.obj : error LNK2001: símbolo externo __imp___glewEnableVertexAttribArray sin resolver
esfera.obj : error LNK2001: símbolo externo __imp___glewVertexAttribPointer sin resolver
main_prac08.obj : error LNK2001: símbolo externo __imp___glewVertexAttribPointer sin resolver
esfera.obj : error LNK2001: símbolo externo __imp___glewBindVertexArray sin resolver
main_prac08.obj : error LNK2001: símbolo externo __imp___glewBindVertexArray sin resolver
esfera.obj : error LNK2001: símbolo externo __imp___glewDeleteVertexArrays sin resolver
main_prac08.obj : error LNK2001: símbolo externo __imp___glewDeleteVertexArrays sin resolver
esfera.obj : error LNK2001: símbolo externo __imp___glewGenVertexArrays sin resolver
main_prac08.obj : error LNK2001: símbolo externo __imp___glewGenVertexArrays sin resolver
main_prac08.obj : error LNK2019: símbolo externo __imp_glewInit sin resolver al que se hace referencia en la función main
main_prac08.obj : error LNK2019: símbolo externo glfwInit sin resolver al que se hace referencia en la función main
main_prac08.obj : error LNK2019: símbolo externo glfwTerminate sin resolver al que se hace referencia en la función main
main_prac08.obj : error LNK2019: símbolo externo glfwGetPrimaryMonitor sin resolver al que se hace referencia en la función "void __cdecl getResolution(void)" (?getResolution@@YAXXZ)
main_prac08.obj : error LNK2019: símbolo externo glfwGetVideoMode sin resolver al que se hace referencia en la función "void __cdecl getResolution(void)" (?getResolution@@YAXXZ)
main_prac08.obj : error LNK2019: símbolo externo glfwCreateWindow sin resolver al que se hace referencia en la función main
main_prac08.obj : error LNK2019: símbolo externo glfwWindowShouldClose sin resolver al que se hace referencia en la función main
main_prac08.obj : error LNK2019: símbolo externo glfwSetWindowShouldClose sin resolver al que se hace referencia en la función "void __cdecl my_input(struct GLFWwindow *)" (?my_input@@YAXPEAUGLFWwindow@@@Z)
main_prac08.obj : error LNK2019: símbolo externo glfwSetWindowPos sin resolver al que se hace referencia en la función main
main_prac08.obj : error LNK2019: símbolo externo glfwSetFramebufferSizeCallback sin resolver al que se hace referencia en la función main
main_prac08.obj : error LNK2019: símbolo externo glfwPollEvents sin resolver al que se hace referencia en la función main
main_prac08.obj : error LNK2019: símbolo externo glfwSetInputMode sin resolver al que se hace referencia en la función main
main_prac08.obj : error LNK2019: símbolo externo glfwGetKey sin resolver al que se hace referencia en la función "void __cdecl my_input(struct GLFWwindow *)" (?my_input@@YAXPEAUGLFWwindow@@@Z)
main_prac08.obj : error LNK2019: símbolo externo glfwSetCursorPosCallback sin resolver al que se hace referencia en la función main
main_prac08.obj : error LNK2019: símbolo externo glfwSetScrollCallback sin resolver al que se hace referencia en la función main
main_prac08.obj : error LNK2019: símbolo externo glfwGetTime sin resolver al que se hace referencia en la función main
main_prac08.obj : error LNK2019: símbolo externo glfwMakeContextCurrent sin resolver al que se hace referencia en la función main
main_prac08.obj : error LNK2019: símbolo externo glfwSwapBuffers sin resolver al que se hace referencia en la función main
main_prac08.obj : error LNK2001: símbolo externo __imp___glewAttachShader sin resolver
main_prac08.obj : error LNK2001: símbolo externo __imp___glewCompileShader sin resolver
main_prac08.obj : error LNK2001: símbolo externo __imp___glewCreateProgram sin resolver
main_prac08.obj : error LNK2001: símbolo externo __imp___glewCreateShader sin resolver
main_prac08.obj : error LNK2001: símbolo externo __imp___glewDeleteShader sin resolver
main_prac08.obj : error LNK2001: símbolo externo __imp___glewGetProgramInfoLog sin resolver
main_prac08.obj : error LNK2001: símbolo externo __imp___glewGetProgramiv sin resolver
main_prac08.obj : error LNK2001: símbolo externo __imp___glewGetShaderInfoLog sin resolver
main_prac08.obj : error LNK2001: símbolo externo __imp___glewGetShaderiv sin resolver
main_prac08.obj : error LNK2001: símbolo externo __imp___glewGetUniformLocation sin resolver
main_prac08.obj : error LNK2001: símbolo externo __imp___glewLinkProgram sin resolver
main_prac08.obj : error LNK2001: símbolo externo __imp___glewShaderSource sin resolver
main_prac08.obj : error LNK2001: símbolo externo __imp___glewUniform3f sin resolver
main_prac08.obj : error LNK2001: símbolo externo __imp___glewUniform3fv sin resolver
main_prac08.obj : error LNK2001: símbolo externo __imp___glewUniformMatrix4fv sin resolver
main_prac08.obj : error LNK2001: símbolo externo __imp___glewUseProgram sin resolver
main_prac08.obj : error LNK2001: símbolo externo __imp___glewGenerateMipmap sin resolver
lib\glew32.lib : warning LNK4272: el tipo de máquina de biblioteca 'x86' está en conflicto con el tipo de máquina de destino 'x64'
lib\glfw3.lib : warning LNK4272: el tipo de máquina de biblioteca 'x86' está en conflicto con el tipo de máquina de destino 'x64'
C:\Users\pc\source\repos\CGLab\x64\Debug\CGLab.exe : fatal error LNK1120: 45 externos sin resolver
